2009-10-18 12:16:35 Debug: Notice (1024): Please change the value of 'Security.salt' in app/config/core.php to a salt value specific to your application in [CORE\cake\libs\debugger.php, line 557]
2009-12-12 15:13:31 Notice: Notice (8): Undefined property: LojasController::$Franchise in [APP/controllers/lojas_controller.php, line 17]
2009-12-12 15:13:54 Notice: Notice (8): Undefined property: LojasController::$Franchise in [APP/controllers/lojas_controller.php, line 17]
2009-12-12 15:14:25 Notice: Notice (8): Undefined property: LojasController::$Franchise in [APP/controllers/lojas_controller.php, line 17]
2009-12-12 15:17:34 Notice: Notice (8): Undefined property: LojasController::$Loja in [APP/controllers/lojas_controller.php, line 17]
2009-12-12 15:21:11 Notice: Notice (8): Undefined variable: lojas in [APP/views/lojas/lojas_especificas.ctp, line 11]
2009-12-12 15:21:23 Notice: Notice (8): Undefined index:  tittle in [APP/views/lojas/lojas_especificas.ctp, line 12]
2009-12-12 15:22:00 Notice: Notice (8): Undefined index:  tittle in [APP/views/lojas/lojas_especificas.ctp, line 13]
2009-12-12 15:51:36 Notice: Notice (8): Undefined index:  contact in [APP/views/lojas/sobre.ctp, line 54]
2009-12-22 02:02:27 Notice: Notice (8): Undefined index:  Statuses in [APP/views/pages/home.ctp, line 50]
2009-12-25 19:06:51 Notice: Notice (8): Undefined index:  Statuses in [APP/views/pages/home.ctp, line 36]
2009-12-25 19:11:30 Notice: Notice (8): Undefined index:  Statuses in [APP/views/pages/home.ctp, line 36]
2009-12-29 21:01:34 Notice: Notice (8): Undefined index:  Statuses in [APP/views/pages/home.ctp, line 36]
2009-12-29 21:50:29 Notice: Notice (8): Undefined variable: _coords in [APP/vendors/GoogleMapAPI.class.php, line 1331]
2009-12-29 21:51:26 Notice: Notice (8): Undefined variable: _coords in [APP/vendors/GoogleMapAPI.class.php, line 1331]
2009-12-30 02:29:31 Notice: Notice (8): Undefined index:  tittle in [APP/views/pages/home.ctp, line 26]
2009-12-30 15:18:52 Notice: Notice (8): Undefined index:  Statuses in [APP/views/pages/home.ctp, line 36]
2009-12-30 15:42:15 Notice: Notice (8): Undefined index:  handle in [APP/views/elements/menuCardapio.ctp, line 5]
2009-12-31 21:30:12 Notice: Notice (8): Undefined index:  Statuses in [APP/views/pages/home.ctp, line 36]
2009-12-31 21:31:32 Notice: Notice (8): Undefined index:  Statuses in [APP/views/pages/home.ctp, line 36]
2009-12-31 21:31:32 Notice: Notice (8): Undefined index:  Statuses in [APP/views/pages/home.ctp, line 36]
2009-12-31 21:32:11 Notice: Notice (8): Undefined index:  Statuses in [APP/views/pages/home.ctp, line 36]
2009-12-31 21:50:23 Notice: Notice (8): Undefined index:  Product in [APP/views/cardapio/produtos.ctp, line 12]
2009-12-31 21:50:23 Notice: Notice (8): Undefined index:  Product in [APP/views/cardapio/produtos.ctp, line 13]
2009-12-31 21:50:23 Notice: Notice (8): Undefined index:  Product in [APP/views/cardapio/produtos.ctp, line 16]
2009-12-31 21:51:32 Notice: Notice (8): Undefined index:  Product in [APP/views/cardapio/produtos.ctp, line 12]
2009-12-31 21:51:32 Notice: Notice (8): Undefined index:  Product in [APP/views/cardapio/produtos.ctp, line 13]
2009-12-31 21:51:32 Notice: Notice (8): Undefined index:  Product in [APP/views/cardapio/produtos.ctp, line 16]
2009-12-31 21:52:02 Notice: Notice (8): Undefined index:  Product in [APP/views/cardapio/produtos.ctp, line 10]
2009-12-31 21:52:02 Notice: Notice (8): Undefined index:  Product in [APP/views/cardapio/produtos.ctp, line 11]
2009-12-31 21:52:02 Notice: Notice (8): Undefined index:  Product in [APP/views/cardapio/produtos.ctp, line 14]
2009-12-31 21:52:06 Notice: Notice (8): Undefined index:  Product in [APP/views/cardapio/produtos.ctp, line 12]
2009-12-31 21:52:06 Notice: Notice (8): Undefined index:  Product in [APP/views/cardapio/produtos.ctp, line 13]
2009-12-31 21:52:06 Notice: Notice (8): Undefined index:  Product in [APP/views/cardapio/produtos.ctp, line 16]
2009-12-31 21:52:42 Notice: Notice (8): Undefined index:  Product in [APP/views/cardapio/produtos.ctp, line 11]
2009-12-31 21:52:42 Notice: Notice (8): Undefined index:  Product in [APP/views/cardapio/produtos.ctp, line 16]
2009-12-31 21:52:42 Notice: Notice (8): Undefined index:  Product in [APP/views/cardapio/produtos.ctp, line 17]
2009-12-31 21:52:42 Notice: Notice (8): Undefined index:  Product in [APP/views/cardapio/produtos.ctp, line 20]
2009-12-31 21:53:07 Notice: Notice (8): Undefined index:  Product in [APP/views/cardapio/produtos.ctp, line 11]
2009-12-31 21:53:07 Notice: Notice (8): Undefined index:  Product in [APP/views/cardapio/produtos.ctp, line 16]
2009-12-31 21:53:07 Notice: Notice (8): Undefined index:  Product in [APP/views/cardapio/produtos.ctp, line 17]
2009-12-31 21:53:07 Notice: Notice (8): Undefined index:  Product in [APP/views/cardapio/produtos.ctp, line 20]
2009-12-31 21:53:08 Notice: Notice (8): Undefined index:  Product in [APP/views/cardapio/produtos.ctp, line 11]
2009-12-31 21:53:08 Notice: Notice (8): Undefined index:  Product in [APP/views/cardapio/produtos.ctp, line 16]
2009-12-31 21:53:08 Notice: Notice (8): Undefined index:  Product in [APP/views/cardapio/produtos.ctp, line 17]
2009-12-31 21:53:08 Notice: Notice (8): Undefined index:  Product in [APP/views/cardapio/produtos.ctp, line 20]
2009-12-31 21:53:09 Notice: Notice (8): Undefined index:  Product in [APP/views/cardapio/produtos.ctp, line 11]
2009-12-31 21:53:09 Notice: Notice (8): Undefined index:  Product in [APP/views/cardapio/produtos.ctp, line 16]
2009-12-31 21:53:09 Notice: Notice (8): Undefined index:  Product in [APP/views/cardapio/produtos.ctp, line 17]
2009-12-31 21:53:09 Notice: Notice (8): Undefined index:  Product in [APP/views/cardapio/produtos.ctp, line 20]
2009-12-31 21:53:09 Notice: Notice (8): Undefined index:  Product in [APP/views/cardapio/produtos.ctp, line 11]
2009-12-31 21:53:09 Notice: Notice (8): Undefined index:  Product in [APP/views/cardapio/produtos.ctp, line 16]
2009-12-31 21:53:09 Notice: Notice (8): Undefined index:  Product in [APP/views/cardapio/produtos.ctp, line 17]
2009-12-31 21:53:09 Notice: Notice (8): Undefined index:  Product in [APP/views/cardapio/produtos.ctp, line 20]
2009-12-31 21:53:09 Notice: Notice (8): Undefined index:  Product in [APP/views/cardapio/produtos.ctp, line 11]
2009-12-31 21:53:09 Notice: Notice (8): Undefined index:  Product in [APP/views/cardapio/produtos.ctp, line 16]
2009-12-31 21:53:09 Notice: Notice (8): Undefined index:  Product in [APP/views/cardapio/produtos.ctp, line 17]
2009-12-31 21:53:09 Notice: Notice (8): Undefined index:  Product in [APP/views/cardapio/produtos.ctp, line 20]
2009-12-31 21:53:09 Notice: Notice (8): Undefined index:  Product in [APP/views/cardapio/produtos.ctp, line 11]
2009-12-31 21:53:09 Notice: Notice (8): Undefined index:  Product in [APP/views/cardapio/produtos.ctp, line 16]
2009-12-31 21:53:09 Notice: Notice (8): Undefined index:  Product in [APP/views/cardapio/produtos.ctp, line 17]
2009-12-31 21:53:09 Notice: Notice (8): Undefined index:  Product in [APP/views/cardapio/produtos.ctp, line 20]
2009-12-31 22:11:24 Notice: Notice (8): Undefined index:  Product in [APP/views/cardapio/produtos.ctp, line 12]
2009-12-31 22:11:24 Notice: Notice (8): Undefined index:  Product in [APP/views/cardapio/produtos.ctp, line 13]
2009-12-31 22:11:24 Notice: Notice (8): Undefined index:  Product in [APP/views/cardapio/produtos.ctp, line 16]
2009-12-31 22:12:19 Notice: Notice (8): Undefined index:  Product in [APP/views/cardapio/produtos.ctp, line 12]
2009-12-31 22:12:19 Notice: Notice (8): Undefined index:  Product in [APP/views/cardapio/produtos.ctp, line 13]
2009-12-31 22:12:19 Notice: Notice (8): Undefined index:  Product in [APP/views/cardapio/produtos.ctp, line 16]
2009-12-31 22:13:10 Notice: Notice (8): Undefined index:  Product in [APP/views/cardapio/produtos.ctp, line 12]
2009-12-31 22:13:10 Notice: Notice (8): Undefined index:  Product in [APP/views/cardapio/produtos.ctp, line 13]
2009-12-31 22:13:10 Notice: Notice (8): Undefined index:  Product in [APP/views/cardapio/produtos.ctp, line 16]
2009-12-31 22:16:48 Notice: Notice (8): Undefined index:  Statuses in [APP/views/pages/home.ctp, line 36]
2009-12-31 22:18:13 Notice: Notice (8): Undefined index:  Statuses in [APP/views/pages/home.ctp, line 36]
2010-01-04 15:10:27 Notice: Notice (8): Undefined index:  Statuses in [APP/views/pages/home.ctp, line 36]
2010-01-04 15:43:51 Notice: Notice (8): Undefined index:  Prioduct in [APP/views/cardapio/produto_detalhe.ctp, line 1]
2010-01-04 15:43:57 Notice: Notice (8): Undefined index:  Product in [APP/views/cardapio/produto_detalhe.ctp, line 1]
2010-01-04 15:45:32 Notice: Notice (8): Undefined variable: categorias in [APP/views/elements/menuCardapio.ctp, line 4]
2010-01-04 15:45:36 Notice: Notice (8): Undefined variable: categorias in [APP/views/elements/menuCardapio.ctp, line 4]
2010-01-04 23:04:16 Notice: Notice (8): Undefined variable: _coords in [APP/vendors/GoogleMapAPI.class.php, line 1331]
2010-01-05 16:43:23 Notice: Notice (8): Undefined index:  Statuses in [APP/views/pages/home.ctp, line 36]
2010-01-06 14:44:33 Notice: Notice (8): Undefined index:  Statuses in [APP/views/pages/home.ctp, line 36]
2010-01-07 13:48:20 Notice: Notice (8): Undefined index:  Statuses in [APP/views/pages/home.ctp, line 36]
2010-01-07 14:00:27 Notice: Notice (8): Undefined index:  Statuses in [APP/views/pages/home.ctp, line 36]
2010-01-07 19:22:28 Notice: Notice (8): Undefined variable: title_for_layout in [APP/views/noticias/ler.ctp, line 4]
2010-01-07 19:22:44 Notice: Notice (8): Undefined variable: title_for_layout in [APP/views/noticias/ler.ctp, line 4]
2010-01-07 19:22:56 Notice: Notice (8): Undefined variable: title_for_layout in [APP/views/noticias/ler.ctp, line 4]
2010-01-07 19:23:08 Notice: Notice (8): Undefined variable: title_for_layout in [APP/views/noticias/ler.ctp, line 4]
2010-01-07 19:24:20 Notice: Notice (8): Undefined variable: title_for_layout in [APP/views/noticias/ler.ctp, line 4]
2010-01-07 19:28:01 Notice: Notice (8): Undefined variable: title_for_layout in [APP/views/noticias/ler.ctp, line 4]
2010-01-07 19:31:40 Notice: Notice (8): Undefined variable: title_for_layout in [APP/views/noticias/ler.ctp, line 4]
2010-01-07 19:31:59 Notice: Notice (8): Undefined variable: title_for_layout in [APP/views/noticias/ler.ctp, line 4]
2010-01-07 19:32:07 Notice: Notice (8): Undefined variable: title_for_layout in [APP/views/noticias/ler.ctp, line 4]
2010-01-07 19:32:13 Notice: Notice (8): Undefined variable: title_for_layout in [APP/views/noticias/ler.ctp, line 4]
2010-01-07 19:33:28 Notice: Notice (8): Undefined variable: title_for_layout in [APP/views/noticias/ler.ctp, line 4]
2010-01-07 19:33:38 Notice: Notice (8): Undefined variable: title_for_layout in [APP/views/noticias/ler.ctp, line 4]
2010-01-07 19:33:45 Notice: Notice (8): Undefined variable: title_for_layout in [APP/views/noticias/ler.ctp, line 4]
2010-01-07 19:36:58 Notice: Notice (8): Undefined variable: title_for_layout in [APP/views/noticias/ler.ctp, line 4]
2010-01-07 19:37:02 Notice: Notice (8): Undefined variable: title_for_layout in [APP/views/noticias/ler.ctp, line 4]
2010-01-07 19:37:04 Notice: Notice (8): Undefined variable: title_for_layout in [APP/views/noticias/ler.ctp, line 4]
2010-01-07 19:37:07 Notice: Notice (8): Undefined variable: title_for_layout in [APP/views/noticias/ler.ctp, line 4]
2010-01-07 19:37:42 Notice: Notice (8): Undefined variable: title_for_layout in [APP/views/noticias/ler.ctp, line 4]
2010-01-07 19:38:05 Notice: Notice (8): Undefined variable: title_for_layout in [APP/views/noticias/ler.ctp, line 4]
2010-01-07 19:38:09 Notice: Notice (8): Undefined variable: title_for_layout in [APP/views/noticias/ler.ctp, line 4]
2010-01-07 19:38:17 Notice: Notice (8): Undefined variable: title_for_layout in [APP/views/noticias/ler.ctp, line 4]
2010-01-07 19:38:33 Notice: Notice (8): Undefined variable: title_for_layout in [APP/views/noticias/ler.ctp, line 4]
2010-01-07 19:38:42 Notice: Notice (8): Undefined variable: title_for_layout in [APP/views/noticias/ler.ctp, line 4]
2010-01-07 19:38:50 Notice: Notice (8): Undefined variable: title_for_layout in [APP/views/noticias/ler.ctp, line 4]
2010-01-07 19:39:31 Notice: Notice (8): Undefined variable: title_for_layout in [APP/views/noticias/ler.ctp, line 4]
2010-01-07 19:40:32 Notice: Notice (8): Undefined variable: title_for_layout in [APP/views/noticias/ler.ctp, line 4]
2010-01-07 19:40:36 Notice: Notice (8): Undefined variable: title_for_layout in [APP/views/noticias/ler.ctp, line 4]
2010-01-07 19:41:39 Notice: Notice (8): Undefined variable: title_for_layout in [APP/views/noticias/ler.ctp, line 4]
2010-01-07 19:41:48 Notice: Notice (8): Undefined variable: title_for_layout in [APP/views/noticias/ler.ctp, line 4]
2010-01-07 19:42:20 Notice: Notice (8): Undefined variable: title_for_layout in [APP/views/noticias/ler.ctp, line 4]
2010-01-07 19:42:22 Notice: Notice (8): Undefined variable: title_for_layout in [APP/views/noticias/ler.ctp, line 4]
2010-01-07 19:42:32 Notice: Notice (8): Undefined variable: title_for_layout in [APP/views/noticias/ler.ctp, line 4]
2010-01-07 19:42:40 Notice: Notice (8): Undefined variable: title_for_layout in [APP/views/noticias/ler.ctp, line 4]
2010-01-07 19:43:19 Notice: Notice (8): Undefined variable: title_for_layout in [APP/views/noticias/ler.ctp, line 4]
2010-01-07 19:43:23 Notice: Notice (8): Undefined variable: title_for_layout in [APP/views/noticias/ler.ctp, line 4]
2010-01-07 19:43:25 Notice: Notice (8): Undefined variable: title_for_layout in [APP/views/noticias/ler.ctp, line 4]
2010-01-07 19:43:28 Notice: Notice (8): Undefined variable: title_for_layout in [APP/views/noticias/ler.ctp, line 4]
2010-01-07 19:43:39 Notice: Notice (8): Undefined variable: title_for_layout in [APP/views/noticias/ler.ctp, line 4]
2010-01-07 19:43:45 Notice: Notice (8): Undefined variable: title_for_layout in [APP/views/noticias/ler.ctp, line 4]
2010-01-07 19:43:47 Notice: Notice (8): Undefined variable: title_for_layout in [APP/views/noticias/ler.ctp, line 4]
2010-01-07 19:43:49 Notice: Notice (8): Undefined variable: title_for_layout in [APP/views/noticias/ler.ctp, line 4]
2010-01-07 19:44:39 Notice: Notice (8): Undefined variable: title_for_layout in [APP/views/noticias/ler.ctp, line 4]
2010-01-07 19:44:42 Notice: Notice (8): Undefined variable: title_for_layout in [APP/views/noticias/ler.ctp, line 4]
2010-01-07 19:48:10 Notice: Notice (8): Undefined variable: title_for_layout in [APP/views/noticias/ler.ctp, line 4]
2010-01-07 19:48:33 Notice: Notice (8): Undefined variable: title_for_layout in [APP/views/noticias/ler.ctp, line 4]
2010-01-07 19:48:38 Notice: Notice (8): Undefined variable: title_for_layout in [APP/views/noticias/ler.ctp, line 4]
2010-01-07 19:48:56 Notice: Notice (8): Undefined variable: title_for_layout in [APP/views/noticias/ler.ctp, line 4]
2010-01-07 19:49:16 Notice: Notice (8): Undefined variable: title_for_layout in [APP/views/noticias/ler.ctp, line 4]
2010-01-07 19:49:25 Notice: Notice (8): Undefined variable: title_for_layout in [APP/views/noticias/ler.ctp, line 4]
2010-01-07 19:49:34 Notice: Notice (8): Undefined variable: title_for_layout in [APP/views/noticias/ler.ctp, line 4]
2010-01-07 19:49:36 Notice: Notice (8): Undefined variable: title_for_layout in [APP/views/noticias/ler.ctp, line 4]
2010-01-07 19:49:37 Notice: Notice (8): Undefined variable: title_for_layout in [APP/views/noticias/ler.ctp, line 4]
2010-01-07 21:36:32 Notice: Notice (8): Undefined index:  Statuses in [APP/views/pages/home.ctp, line 38]
2010-01-08 12:07:47 Notice: Notice (8): Undefined index:  Statuses in [APP/views/pages/home.ctp, line 38]
2010-01-08 12:31:21 Notice: Notice (8): Undefined variable: title_for_layout in [APP/views/noticias/ler.ctp, line 4]
2010-01-08 19:23:15 Notice: Notice (8): Undefined index:  id in [APP/views/pages/home.ctp, line 26]
2010-01-08 19:23:15 Notice: Notice (8): Undefined index:  date in [APP/views/pages/home.ctp, line 28]
2010-01-08 19:23:15 Notice: Notice (8): Undefined index:  title in [APP/views/pages/home.ctp, line 28]
2010-01-08 19:23:15 Notice: Notice (8): Undefined index:  body in [APP/views/pages/home.ctp, line 29]
2010-01-08 19:26:55 Notice: Notice (8): Undefined index:  id in [APP/views/pages/home.ctp, line 25]
2010-01-08 19:26:55 Notice: Notice (8): Undefined index:  date in [APP/views/pages/home.ctp, line 27]
2010-01-08 19:26:55 Notice: Notice (8): Undefined index:  title in [APP/views/pages/home.ctp, line 27]
2010-01-08 19:26:55 Notice: Notice (8): Undefined index:  body in [APP/views/pages/home.ctp, line 28]
2010-01-08 20:16:10 Notice: Notice (8): Undefined variable: title_for_layout in [APP/views/noticias/ler.ctp, line 4]
2010-01-08 20:24:20 Notice: Notice (8): Undefined variable: title_for_layout in [APP/views/noticias/ler.ctp, line 4]
2010-01-09 15:13:21 Notice: Notice (8): Undefined index:  Statuses in [APP/views/pages/home.ctp, line 38]
2010-01-09 15:14:41 Notice: Notice (8): Undefined index:  Statuses in [APP/views/pages/home.ctp, line 38]
2010-01-09 15:25:42 Notice: Notice (8): Undefined property: PagesController::$Highlight in [APP/controllers/pages_controller.php, line 14]
2010-01-09 15:27:20 Notice: Notice (8): Undefined index:  Highlight in [APP/views/pages/home.ctp, line 6]
2010-01-09 15:27:20 Notice: Notice (8): Undefined index:  Highlight in [APP/views/pages/home.ctp, line 7]
2010-01-09 15:27:20 Notice: Notice (8): Undefined index:  Highlight in [APP/views/pages/home.ctp, line 9]
2010-01-09 15:27:20 Notice: Notice (8): Undefined index:  Highlight in [APP/views/pages/home.ctp, line 11]
2010-01-09 15:27:20 Notice: Notice (8): Undefined index:  Statuses in [APP/views/pages/home.ctp, line 56]
2010-01-09 15:30:18 Notice: Notice (8): Undefined index:  Highlights in [APP/views/pages/home.ctp, line 6]
2010-01-09 15:30:18 Notice: Notice (8): Undefined index:  Highlights in [APP/views/pages/home.ctp, line 7]
2010-01-09 15:30:18 Notice: Notice (8): Undefined index:  Highlights in [APP/views/pages/home.ctp, line 9]
2010-01-09 15:30:18 Notice: Notice (8): Undefined index:  Highlights in [APP/views/pages/home.ctp, line 11]
2010-01-09 15:30:18 Notice: Notice (8): Undefined index:  Statuses in [APP/views/pages/home.ctp, line 56]
2010-01-09 15:45:54 Notice: Notice (8): Undefined index:  Highlights in [APP/views/pages/home.ctp, line 7]
2010-01-09 15:45:54 Notice: Notice (8): Undefined index:  Highlights in [APP/views/pages/home.ctp, line 8]
2010-01-09 15:45:54 Notice: Notice (8): Undefined index:  Highlights in [APP/views/pages/home.ctp, line 10]
2010-01-09 15:45:54 Notice: Notice (8): Undefined index:  Highlights in [APP/views/pages/home.ctp, line 12]
2010-01-09 15:45:54 Notice: Notice (8): Undefined index:  Statuses in [APP/views/pages/home.ctp, line 57]
2010-01-09 15:46:17 Notice: Notice (8): Undefined variable: title_for_layout in [APP/views/noticias/ler.ctp, line 4]
2010-01-09 15:50:44 Notice: Notice (8): Undefined index:  Statuses in [APP/views/pages/home.ctp, line 56]
2010-01-09 15:51:39 Notice: Notice (8): Undefined index:  Statuses in [APP/views/pages/home.ctp, line 56]
2010-01-09 15:52:59 Notice: Notice (8): Undefined index:  Statuses in [APP/views/pages/home.ctp, line 56]
2010-01-09 15:53:13 Notice: Notice (8): Undefined index:  Statuses in [APP/views/pages/home.ctp, line 56]
2010-01-09 15:54:34 Notice: Notice (8): Undefined index:  Statuses in [APP/views/pages/home.ctp, line 56]
2010-01-09 16:05:31 Notice: Notice (8): Undefined index:  Statuses in [APP/views/pages/home.ctp, line 56]
2010-01-10 01:38:18 Notice: Notice (8): Undefined variable: thisValue in [APP/controllers/pages_controller.php, line 14]
2010-01-10 01:40:27 Notice: Notice (8): Undefined index:  picture in [APP/views/pages/home.ctp, line 7]
2010-01-10 01:40:27 Notice: Notice (8): Undefined index:  body in [APP/views/pages/home.ctp, line 8]
2010-01-10 02:29:48 Notice: Notice (8): Undefined variable: title_for_layout in [APP/views/noticias/ler.ctp, line 4]
2010-01-10 02:29:51 Notice: Notice (8): Undefined variable: title_for_layout in [APP/views/noticias/ler.ctp, line 4]
2010-01-10 02:29:54 Notice: Notice (8): Undefined variable: title_for_layout in [APP/views/noticias/ler.ctp, line 4]
2010-01-10 02:29:56 Notice: Notice (8): Undefined variable: title_for_layout in [APP/views/noticias/ler.ctp, line 4]
2010-01-10 02:30:00 Notice: Notice (8): Undefined variable: title_for_layout in [APP/views/noticias/ler.ctp, line 4]
2010-01-10 02:30:03 Notice: Notice (8): Undefined variable: title_for_layout in [APP/views/noticias/ler.ctp, line 4]
2010-01-10 02:30:06 Notice: Notice (8): Undefined variable: title_for_layout in [APP/views/noticias/ler.ctp, line 4]
2010-01-10 03:38:47 Notice: Notice (8): Undefined variable: title_for_layout in [APP/views/noticias/ler.ctp, line 4]
2010-01-10 03:38:49 Notice: Notice (8): Undefined variable: title_for_layout in [APP/views/noticias/ler.ctp, line 4]
2010-01-15 19:50:03 Notice: Notice (8): Undefined variable: title_for_layout in [APP/views/noticias/ler.ctp, line 4]
2010-01-15 20:03:10 Notice: Notice (8): Undefined variable: _coords in [APP/vendors/GoogleMapAPI.class.php, line 1331]
2010-01-16 21:14:51 Notice: Notice (8): Undefined variable: _coords in [APP/vendors/GoogleMapAPI.class.php, line 1331]
2010-01-20 18:46:13 Notice: Notice (8): Undefined variable: title_for_layout in [APP/views/noticias/ler.ctp, line 4]
2010-01-20 18:56:11 Notice: Notice (8): Undefined variable: title_for_layout in [APP/views/noticias/ler.ctp, line 4]
2010-01-20 18:56:59 Notice: Notice (8): Undefined variable: title_for_layout in [APP/views/noticias/ler.ctp, line 4]
2010-01-20 18:57:32 Notice: Notice (8): Undefined variable: title_for_layout in [APP/views/noticias/ler.ctp, line 4]
2010-01-20 19:00:24 Notice: Notice (8): Undefined index:  title in [APP/views/noticias/ler.ctp, line 4]
2010-01-20 19:02:03 Notice: Notice (8): Undefined index:  title in [APP/views/noticias/ler.ctp, line 4]
2010-01-20 19:02:42 Notice: Notice (8): Undefined variable: News in [APP/views/noticias/ler.ctp, line 4]
2010-01-22 18:23:51 Notice: Notice (8): Undefined property: LojasController::$Product in [APP/controllers/lojas_controller.php, line 29]
2010-01-22 18:23:51 Notice: Notice (8): Trying to get property of non-object in [APP/controllers/lojas_controller.php, line 29]
2010-01-22 18:28:56 Notice: Notice (8): Undefined offset:  0 in [CORE/cake/libs/model/model.php, line 2080]
2010-01-22 18:28:56 Notice: Notice (8): Undefined offset:  0 in [CORE/cake/libs/model/model.php, line 2081]
2010-01-22 18:31:42 Notice: Notice (8): Undefined offset:  0 in [CORE/cake/libs/model/model.php, line 1036]
2010-01-23 21:07:59 Notice: Notice (8): Undefined variable: foto in [APP/views/lojas/sobre.ctp, line 43]
2010-01-23 21:08:25 Notice: Notice (8): Undefined offset:  0 in [APP/views/lojas/sobre.ctp, line 43]
2010-01-23 21:08:34 Notice: Notice (8): Undefined offset:  0 in [APP/views/lojas/sobre.ctp, line 40]
2010-01-23 21:08:34 Notice: Notice (8): Undefined offset:  0 in [APP/views/lojas/sobre.ctp, line 43]
2010-01-23 21:08:44 Notice: Notice (8): Undefined offset:  0 in [APP/views/lojas/sobre.ctp, line 40]
2010-01-23 21:08:44 Notice: Notice (8): Undefined offset:  0 in [APP/views/lojas/sobre.ctp, line 43]
2010-01-23 21:08:57 Notice: Notice (8): Undefined offset:  0 in [APP/views/lojas/sobre.ctp, line 43]
2010-01-23 21:09:32 Notice: Notice (8): Undefined offset:  0 in [APP/views/lojas/sobre.ctp, line 43]
2010-01-23 21:09:40 Notice: Notice (8): Undefined offset:  0 in [APP/views/lojas/sobre.ctp, line 40]
2010-01-23 21:09:40 Notice: Notice (8): Undefined offset:  0 in [APP/views/lojas/sobre.ctp, line 43]
2010-01-23 21:09:44 Notice: Notice (8): Undefined offset:  1 in [APP/views/lojas/sobre.ctp, line 40]
2010-01-23 21:09:44 Notice: Notice (8): Undefined offset:  0 in [APP/views/lojas/sobre.ctp, line 43]
2010-01-23 21:09:46 Notice: Notice (8): Undefined offset:  1 in [APP/views/lojas/sobre.ctp, line 40]
2010-01-23 21:09:46 Notice: Notice (8): Undefined offset:  0 in [APP/views/lojas/sobre.ctp, line 43]
2010-01-23 21:09:46 Notice: Notice (8): Undefined offset:  1 in [APP/views/lojas/sobre.ctp, line 40]
2010-01-23 21:09:46 Notice: Notice (8): Undefined offset:  0 in [APP/views/lojas/sobre.ctp, line 43]
2010-01-23 21:09:46 Notice: Notice (8): Undefined offset:  1 in [APP/views/lojas/sobre.ctp, line 40]
2010-01-23 21:09:46 Notice: Notice (8): Undefined offset:  0 in [APP/views/lojas/sobre.ctp, line 43]
2010-01-23 21:09:46 Notice: Notice (8): Undefined offset:  1 in [APP/views/lojas/sobre.ctp, line 40]
2010-01-23 21:09:46 Notice: Notice (8): Undefined offset:  0 in [APP/views/lojas/sobre.ctp, line 43]
2010-01-23 21:10:04 Notice: Notice (8): Undefined offset:  1 in [APP/views/lojas/sobre.ctp, line 40]
2010-01-23 21:10:04 Notice: Notice (8): Undefined offset:  0 in [APP/views/lojas/sobre.ctp, line 43]
2010-01-23 21:10:04 Notice: Notice (8): Undefined offset:  1 in [APP/views/lojas/sobre.ctp, line 40]
2010-01-23 21:10:04 Notice: Notice (8): Undefined offset:  0 in [APP/views/lojas/sobre.ctp, line 43]
2010-01-23 21:11:01 Notice: Notice (8): Undefined offset:  1 in [APP/views/lojas/sobre.ctp, line 40]
2010-01-23 21:11:14 Notice: Notice (8): Undefined offset:  0 in [APP/views/lojas/sobre.ctp, line 40]
2010-01-23 21:54:38 Notice: Notice (8): Undefined index:  0 in [APP/views/lojas/sobre.ctp, line 43]
2010-01-23 21:54:39 Notice: Notice (8): Undefined index:  0 in [APP/views/lojas/sobre.ctp, line 43]
2010-01-23 21:57:16 Notice: Notice (8): Undefined offset:  0 in [APP/views/lojas/sobre.ctp, line 45]
2010-01-23 21:57:16 Notice: Notice (8): Undefined offset:  0 in [APP/views/lojas/sobre.ctp, line 45]
2010-01-23 21:58:05 Notice: Notice (8): Undefined offset:  0 in [APP/views/lojas/sobre.ctp, line 45]
2010-01-23 21:58:05 Notice: Notice (8): Undefined offset:  0 in [APP/views/lojas/sobre.ctp, line 45]
2010-01-23 21:58:23 Notice: Notice (8): Undefined offset:  0 in [APP/views/lojas/sobre.ctp, line 45]
2010-01-23 21:58:24 Notice: Notice (8): Undefined offset:  0 in [APP/views/lojas/sobre.ctp, line 45]
2010-01-23 22:15:38 Notice: Notice (8): Undefined offset:  0 in [APP/views/lojas/sobre.ctp, line 42]
2010-01-23 22:15:39 Notice: Notice (8): Undefined offset:  0 in [APP/views/lojas/sobre.ctp, line 42]
2010-01-23 22:16:23 Notice: Notice (8): Undefined offset:  0 in [APP/views/lojas/sobre.ctp, line 42]
2010-01-23 22:16:23 Notice: Notice (8): Undefined offset:  0 in [APP/views/lojas/sobre.ctp, line 42]
2010-01-23 22:16:26 Notice: Notice (8): Undefined offset:  0 in [APP/views/lojas/sobre.ctp, line 42]
2010-01-23 22:16:26 Notice: Notice (8): Undefined offset:  0 in [APP/views/lojas/sobre.ctp, line 42]
2010-01-23 22:16:26 Notice: Notice (8): Undefined offset:  0 in [APP/views/lojas/sobre.ctp, line 42]
2010-01-23 22:16:27 Notice: Notice (8): Undefined offset:  0 in [APP/views/lojas/sobre.ctp, line 42]
2010-01-24 15:51:56 Notice: Notice (8): Undefined variable: _coords in [APP/vendors/GoogleMapAPI.class.php, line 1331]
2010-01-24 20:54:34 Notice: Notice (8): Undefined index:  name in [APP/views/quem_somos/index.ctp, line 19]
2010-01-24 21:03:19 Notice: Notice (8): Undefined index:  name in [APP/views/quem_somos/index.ctp, line 19]
2010-01-24 21:03:30 Notice: Notice (8): Undefined index:  name in [APP/views/quem_somos/index.ctp, line 19]
2010-01-24 21:04:01 Notice: Notice (8): Undefined index:  name in [APP/views/quem_somos/index.ctp, line 18]
2010-01-24 21:04:14 Notice: Notice (8): Undefined index:  name in [APP/views/quem_somos/index.ctp, line 19]
2010-01-24 22:19:13 Notice: Notice (8): Undefined variable: produtos in [APP/views/cardapio/produto_detalhe.ctp, line 7]
2010-01-24 22:19:13 Notice: Notice (8): Undefined variable: produtos in [APP/views/cardapio/produto_detalhe.ctp, line 8]
2010-01-24 22:19:13 Notice: Notice (8): Undefined variable: produtos in [APP/views/cardapio/produto_detalhe.ctp, line 23]
2010-01-24 22:19:13 Notice: Notice (8): Undefined variable: produtos in [APP/views/cardapio/produto_detalhe.ctp, line 97]
2010-01-24 22:26:10 Notice: Notice (8): Undefined variable: lojas in [APP/views/cardapio/produto_detalhe.ctp, line 15]
2010-01-24 22:29:15 Notice: Notice (8): Undefined variable: lojas in [APP/views/cardapio/produto_detalhe.ctp, line 15]
2010-01-25 08:40:51 Notice: Notice (8): Undefined property: CardapioController::$Anuncio in [APP/controllers/cardapio_controller.php, line 22]
2010-01-25 08:40:51 Notice: Notice (8): Trying to get property of non-object in [APP/controllers/cardapio_controller.php, line 22]
2010-01-25 08:41:18 Notice: Notice (8): Undefined index:  Product in [APP/views/cardapio/produtos.ctp, line 12]
2010-01-25 08:41:18 Notice: Notice (8): Undefined index:  Product in [APP/views/cardapio/produtos.ctp, line 13]
2010-01-25 08:41:18 Notice: Notice (8): Undefined index:  Product in [APP/views/cardapio/produtos.ctp, line 16]
2010-01-25 08:41:18 Notice: Notice (8): Undefined index:  Product in [APP/views/cardapio/produtos.ctp, line 17]
2010-01-25 08:42:29 Notice: Notice (8): Undefined index:  Product in [APP/views/cardapio/produtos.ctp, line 12]
2010-01-25 08:42:29 Notice: Notice (8): Undefined index:  Product in [APP/views/cardapio/produtos.ctp, line 13]
2010-01-25 08:42:29 Notice: Notice (8): Undefined index:  Product in [APP/views/cardapio/produtos.ctp, line 16]
2010-01-25 08:42:29 Notice: Notice (8): Undefined index:  Product in [APP/views/cardapio/produtos.ctp, line 17]
2010-01-25 08:44:58 Notice: Notice (8): Undefined index:  Product in [APP/views/cardapio/produtos.ctp, line 11]
2010-01-25 08:44:58 Notice: Notice (8): Undefined index:  Product in [APP/views/cardapio/produtos.ctp, line 12]
2010-01-25 08:44:58 Notice: Notice (8): Undefined index:  Product in [APP/views/cardapio/produtos.ctp, line 15]
2010-01-25 08:44:58 Notice: Notice (8): Undefined index:  Product in [APP/views/cardapio/produtos.ctp, line 16]
2010-01-25 08:45:23 Notice: Notice (8): Undefined index:  Product in [APP/views/cardapio/produtos.ctp, line 11]
2010-01-25 08:45:23 Notice: Notice (8): Undefined index:  Product in [APP/views/cardapio/produtos.ctp, line 15]
2010-01-25 08:45:23 Notice: Notice (8): Undefined index:  Product in [APP/views/cardapio/produtos.ctp, line 16]
2010-01-25 08:45:32 Notice: Notice (8): Undefined index:  Product in [APP/views/cardapio/produtos.ctp, line 15]
2010-01-25 08:45:32 Notice: Notice (8): Undefined index:  Product in [APP/views/cardapio/produtos.ctp, line 16]
2010-01-25 08:46:27 Notice: Notice (8): Undefined index:  id in [APP/views/cardapio/produtos.ctp, line 10]
2010-01-25 08:46:27 Notice: Notice (8): Undefined index:  handle in [APP/views/cardapio/produtos.ctp, line 10]
2010-01-25 08:46:27 Notice: Notice (8): Undefined index:  name in [APP/views/cardapio/produtos.ctp, line 10]
2010-01-25 08:46:27 Notice: Notice (8): Undefined index:  name in [APP/views/cardapio/produtos.ctp, line 11]
2010-01-25 08:46:27 Notice: Notice (8): Undefined index:  id in [APP/views/cardapio/produtos.ctp, line 14]
2010-01-25 08:46:27 Notice: Notice (8): Undefined index:  handle in [APP/views/cardapio/produtos.ctp, line 14]
2010-01-25 08:46:27 Notice: Notice (8): Undefined index:  name in [APP/views/cardapio/produtos.ctp, line 14]
2010-01-25 08:46:27 Notice: Notice (8): Undefined index:  name in [APP/views/cardapio/produtos.ctp, line 15]
2010-01-25 08:46:29 Notice: Notice (8): Undefined index:  id in [APP/views/cardapio/produtos.ctp, line 10]
2010-01-25 08:46:29 Notice: Notice (8): Undefined index:  handle in [APP/views/cardapio/produtos.ctp, line 10]
2010-01-25 08:46:29 Notice: Notice (8): Undefined index:  name in [APP/views/cardapio/produtos.ctp, line 10]
2010-01-25 08:46:29 Notice: Notice (8): Undefined index:  name in [APP/views/cardapio/produtos.ctp, line 11]
2010-01-25 08:46:29 Notice: Notice (8): Undefined index:  id in [APP/views/cardapio/produtos.ctp, line 14]
2010-01-25 08:46:29 Notice: Notice (8): Undefined index:  handle in [APP/views/cardapio/produtos.ctp, line 14]
2010-01-25 08:46:29 Notice: Notice (8): Undefined index:  name in [APP/views/cardapio/produtos.ctp, line 14]
2010-01-25 08:46:29 Notice: Notice (8): Undefined index:  name in [APP/views/cardapio/produtos.ctp, line 15]
2010-01-25 08:46:30 Notice: Notice (8): Undefined index:  id in [APP/views/cardapio/produtos.ctp, line 10]
2010-01-25 08:46:30 Notice: Notice (8): Undefined index:  handle in [APP/views/cardapio/produtos.ctp, line 10]
2010-01-25 08:46:30 Notice: Notice (8): Undefined index:  name in [APP/views/cardapio/produtos.ctp, line 10]
2010-01-25 08:46:30 Notice: Notice (8): Undefined index:  name in [APP/views/cardapio/produtos.ctp, line 11]
2010-01-25 08:46:30 Notice: Notice (8): Undefined index:  id in [APP/views/cardapio/produtos.ctp, line 14]
2010-01-25 08:46:30 Notice: Notice (8): Undefined index:  handle in [APP/views/cardapio/produtos.ctp, line 14]
2010-01-25 08:46:30 Notice: Notice (8): Undefined index:  name in [APP/views/cardapio/produtos.ctp, line 14]
2010-01-25 08:46:30 Notice: Notice (8): Undefined index:  name in [APP/views/cardapio/produtos.ctp, line 15]
2010-01-25 08:46:34 Notice: Notice (8): Undefined index:  id in [APP/views/cardapio/produtos.ctp, line 11]
2010-01-25 08:46:34 Notice: Notice (8): Undefined index:  handle in [APP/views/cardapio/produtos.ctp, line 11]
2010-01-25 08:46:34 Notice: Notice (8): Undefined index:  name in [APP/views/cardapio/produtos.ctp, line 11]
2010-01-25 08:46:34 Notice: Notice (8): Undefined index:  name in [APP/views/cardapio/produtos.ctp, line 12]
2010-01-25 08:46:34 Notice: Notice (8): Undefined index:  id in [APP/views/cardapio/produtos.ctp, line 15]
2010-01-25 08:46:34 Notice: Notice (8): Undefined index:  handle in [APP/views/cardapio/produtos.ctp, line 15]
2010-01-25 08:46:34 Notice: Notice (8): Undefined index:  name in [APP/views/cardapio/produtos.ctp, line 15]
2010-01-25 08:46:34 Notice: Notice (8): Undefined index:  name in [APP/views/cardapio/produtos.ctp, line 16]
2010-01-25 09:17:14 Notice: Notice (8): Undefined index:  dir in [APP/views/cardapio/produtos.ctp, line 11]
2010-01-25 09:17:14 Notice: Notice (8): Undefined index:  filename in [APP/views/cardapio/produtos.ctp, line 11]
2010-01-25 09:17:15 Notice: Notice (8): Undefined index:  dir in [APP/views/cardapio/produtos.ctp, line 11]
2010-01-25 09:17:15 Notice: Notice (8): Undefined index:  filename in [APP/views/cardapio/produtos.ctp, line 11]
2010-01-25 09:17:15 Notice: Notice (8): Undefined index:  dir in [APP/views/cardapio/produtos.ctp, line 11]
2010-01-25 09:17:15 Notice: Notice (8): Undefined index:  filename in [APP/views/cardapio/produtos.ctp, line 11]
2010-01-25 09:17:15 Notice: Notice (8): Undefined index:  dir in [APP/views/cardapio/produtos.ctp, line 11]
2010-01-25 09:17:15 Notice: Notice (8): Undefined index:  filename in [APP/views/cardapio/produtos.ctp, line 11]
2010-01-25 09:18:01 Notice: Notice (8): Undefined index:  filename in [APP/views/cardapio/produtos.ctp, line 11]
2010-01-25 09:18:11 Notice: Notice (8): Undefined index:  dir in [APP/views/cardapio/produtos.ctp, line 11]
2010-01-25 09:18:11 Notice: Notice (8): Undefined index:  filename in [APP/views/cardapio/produtos.ctp, line 11]
2010-01-25 09:18:32 Notice: Notice (8): Undefined index:  0 in [APP/views/cardapio/produtos.ctp, line 11]
2010-01-25 09:18:46 Notice: Notice (8): Undefined index:  0 in [APP/views/cardapio/produtos.ctp, line 11]
2010-01-25 09:19:28 Notice: Notice (8): Undefined index:  0 in [APP/views/cardapio/produtos.ctp, line 11]
2010-01-25 09:19:40 Notice: Notice (8): Undefined index:  0 in [APP/views/cardapio/produtos.ctp, line 11]
2010-01-25 09:19:40 Notice: Notice (8): Undefined index:  0 in [APP/views/cardapio/produtos.ctp, line 11]
2010-01-25 09:19:40 Notice: Notice (8): Undefined index:  0 in [APP/views/cardapio/produtos.ctp, line 11]
2010-01-25 09:19:54 Notice: Notice (8): Undefined index:  0 in [APP/views/cardapio/produtos.ctp, line 10]
2010-01-25 09:19:54 Notice: Notice (8): Undefined index:  0 in [APP/views/cardapio/produtos.ctp, line 10]
2010-01-25 09:19:54 Notice: Notice (8): Undefined index:  0 in [APP/views/cardapio/produtos.ctp, line 10]
2010-01-25 09:20:15 Notice: Notice (8): Undefined index:  0 in [APP/views/cardapio/produtos.ctp, line 10]
2010-01-25 09:20:15 Notice: Notice (8): Undefined index:  0 in [APP/views/cardapio/produtos.ctp, line 10]
2010-01-25 09:20:15 Notice: Notice (8): Undefined index:  0 in [APP/views/cardapio/produtos.ctp, line 10]
2010-01-25 09:21:11 Notice: Notice (8): Undefined index:  0 in [APP/views/cardapio/produtos.ctp, line 10]
2010-01-25 09:21:17 Notice: Notice (8): Undefined index:  0 in [APP/views/cardapio/produtos.ctp, line 10]
2010-01-25 09:21:17 Notice: Notice (8): Undefined index:  0 in [APP/views/cardapio/produtos.ctp, line 10]
2010-01-25 09:21:26 Notice: Notice (8): Undefined index:  0 in [APP/views/cardapio/produtos.ctp, line 10]
2010-01-25 09:21:26 Notice: Notice (8): Undefined index:  0 in [APP/views/cardapio/produtos.ctp, line 10]
2010-01-25 09:21:32 Notice: Notice (8): Undefined index:  0 in [APP/views/cardapio/produtos.ctp, line 10]
2010-01-25 09:21:32 Notice: Notice (8): Undefined index:  0 in [APP/views/cardapio/produtos.ctp, line 10]
2010-01-25 09:22:22 Notice: Notice (8): Undefined index:  0 in [APP/views/cardapio/produtos.ctp, line 10]
2010-01-25 09:22:22 Notice: Notice (8): Undefined index:  0 in [APP/views/cardapio/produtos.ctp, line 10]
2010-01-25 10:05:21 Notice: Notice (8): Undefined offset:  0 in [APP/views/cardapio/produto_detalhe.ctp, line 7]
2010-01-25 10:05:21 Notice: Notice (8): Undefined offset:  0 in [APP/views/cardapio/produto_detalhe.ctp, line 9]
2010-01-25 10:05:21 Notice: Notice (8): Undefined offset:  0 in [APP/views/cardapio/produto_detalhe.ctp, line 10]
2010-01-25 10:05:21 Notice: Notice (8): Undefined offset:  0 in [APP/views/cardapio/produto_detalhe.ctp, line 17]
2010-01-25 10:05:21 Notice: Notice (8): Undefined offset:  0 in [APP/views/cardapio/produto_detalhe.ctp, line 26]
2010-01-25 10:05:21 Notice: Notice (8): Undefined offset:  0 in [APP/views/cardapio/produto_detalhe.ctp, line 37]
2010-01-25 10:06:10 Notice: Notice (8): Undefined offset:  0 in [APP/views/cardapio/produto_detalhe.ctp, line 37]
2010-01-25 10:13:31 Notice: Notice (8): Undefined variable: _coords in [APP/vendors/GoogleMapAPI.class.php, line 1331]
2010-01-25 10:13:33 Notice: Notice (8): Undefined variable: _coords in [APP/vendors/GoogleMapAPI.class.php, line 1331]
2010-01-25 10:14:37 Notice: Notice (8): Undefined index:  0 in [APP/views/cardapio/produtos.ctp, line 10]
2010-01-25 10:14:37 Notice: Notice (8): Undefined index:  0 in [APP/views/cardapio/produtos.ctp, line 10]
2010-01-25 10:14:39 Notice: Notice (8): Undefined index:  0 in [APP/views/cardapio/produtos.ctp, line 10]
2010-01-25 10:14:39 Notice: Notice (8): Undefined index:  0 in [APP/views/cardapio/produtos.ctp, line 10]
2010-01-25 10:14:40 Notice: Notice (8): Undefined index:  0 in [APP/views/cardapio/produtos.ctp, line 10]
2010-01-25 10:14:41 Notice: Notice (8): Undefined index:  0 in [APP/views/cardapio/produtos.ctp, line 10]
2010-01-25 10:14:44 Notice: Notice (8): Undefined index:  0 in [APP/views/cardapio/produtos.ctp, line 10]
2010-01-25 10:14:44 Notice: Notice (8): Undefined index:  0 in [APP/views/cardapio/produtos.ctp, line 10]
2010-01-25 10:14:45 Notice: Notice (8): Undefined index:  0 in [APP/views/cardapio/produtos.ctp, line 10]
2010-01-25 10:14:45 Notice: Notice (8): Undefined index:  0 in [APP/views/cardapio/produtos.ctp, line 10]
2010-01-25 10:14:45 Notice: Notice (8): Undefined index:  0 in [APP/views/cardapio/produtos.ctp, line 10]
2010-01-25 10:14:45 Notice: Notice (8): Undefined index:  0 in [APP/views/cardapio/produtos.ctp, line 10]
2010-01-25 10:15:07 Notice: Notice (8): Undefined index:  0 in [APP/views/cardapio/produtos.ctp, line 10]
2010-01-25 10:15:07 Notice: Notice (8): Undefined index:  0 in [APP/views/cardapio/produtos.ctp, line 10]
2010-01-25 10:15:07 Notice: Notice (8): Undefined index:  0 in [APP/views/cardapio/produtos.ctp, line 10]
2010-01-25 10:15:17 Notice: Notice (8): Undefined index:  0 in [APP/views/cardapio/produtos.ctp, line 10]
2010-01-25 10:15:17 Notice: Notice (8): Undefined index:  0 in [APP/views/cardapio/produtos.ctp, line 10]
2010-01-25 10:15:17 Notice: Notice (8): Undefined index:  0 in [APP/views/cardapio/produtos.ctp, line 10]
2010-01-25 10:15:37 Notice: Notice (8): Undefined index:  0 in [APP/views/cardapio/produtos.ctp, line 10]
2010-01-25 10:15:43 Notice: Notice (8): Undefined index:  0 in [APP/views/cardapio/produtos.ctp, line 10]
2010-01-25 10:15:43 Notice: Notice (8): Undefined index:  0 in [APP/views/cardapio/produtos.ctp, line 10]
2010-01-25 10:15:52 Notice: Notice (8): Undefined index:  0 in [APP/views/cardapio/produtos.ctp, line 10]
2010-01-25 10:15:52 Notice: Notice (8): Undefined index:  0 in [APP/views/cardapio/produtos.ctp, line 10]
2010-01-25 10:15:53 Notice: Notice (8): Undefined index:  0 in [APP/views/cardapio/produtos.ctp, line 10]
2010-01-25 10:15:54 Notice: Notice (8): Undefined index:  0 in [APP/views/cardapio/produtos.ctp, line 10]
2010-01-25 10:15:57 Notice: Notice (8): Undefined offset:  0 in [APP/views/cardapio/produto_detalhe.ctp, line 6]
2010-01-25 10:15:57 Notice: Notice (8): Undefined offset:  0 in [APP/views/cardapio/produto_detalhe.ctp, line 6]
2010-01-25 10:16:03 Notice: Notice (8): Undefined index:  0 in [APP/views/cardapio/produtos.ctp, line 10]
2010-01-25 10:16:03 Notice: Notice (8): Undefined index:  0 in [APP/views/cardapio/produtos.ctp, line 10]
2010-01-25 10:16:05 Notice: Notice (8): Undefined index:  0 in [APP/views/cardapio/produtos.ctp, line 10]
2010-01-25 10:16:05 Notice: Notice (8): Undefined index:  0 in [APP/views/cardapio/produtos.ctp, line 10]
2010-01-25 10:16:06 Notice: Notice (8): Undefined index:  0 in [APP/views/cardapio/produtos.ctp, line 10]
2010-01-25 10:16:06 Notice: Notice (8): Undefined index:  0 in [APP/views/cardapio/produtos.ctp, line 10]
2010-01-25 10:16:10 Notice: Notice (8): Undefined index:  0 in [APP/views/cardapio/produtos.ctp, line 10]
2010-01-25 10:16:10 Notice: Notice (8): Undefined index:  0 in [APP/views/cardapio/produtos.ctp, line 10]
2010-01-25 10:18:36 Notice: Notice (8): Undefined offset:  0 in [APP/views/cardapio/produto_detalhe.ctp, line 6]
2010-01-25 10:18:36 Notice: Notice (8): Undefined offset:  0 in [APP/views/cardapio/produto_detalhe.ctp, line 6]
2010-01-25 10:20:09 Notice: Notice (8): Undefined offset:  0 in [APP/views/cardapio/produto_detalhe.ctp, line 6]
2010-01-25 10:20:09 Notice: Notice (8): Undefined offset:  0 in [APP/views/cardapio/produto_detalhe.ctp, line 6]
2010-01-25 10:22:35 Notice: Notice (8): Undefined offset:  0 in [APP/views/cardapio/produto_detalhe.ctp, line 6]
2010-01-25 10:22:35 Notice: Notice (8): Undefined offset:  0 in [APP/views/cardapio/produto_detalhe.ctp, line 6]
2010-01-25 10:23:08 Notice: Notice (8): Undefined index:  filename in [APP/views/cardapio/produto_detalhe.ctp, line 6]
2010-01-25 10:23:08 Notice: Notice (8): Undefined index:  filename in [APP/views/cardapio/produto_detalhe.ctp, line 6]
2010-01-25 10:23:28 Notice: Notice (8): Undefined index:  filename in [APP/views/cardapio/produto_detalhe.ctp, line 7]
2010-01-25 10:23:28 Notice: Notice (8): Undefined index:  filename in [APP/views/cardapio/produto_detalhe.ctp, line 7]
2010-01-25 10:24:40 Notice: Notice (8): Undefined variable: _coords in [APP/vendors/GoogleMapAPI.class.php, line 1331]
2010-01-25 14:15:57 Notice: Notice (8): Undefined variable: produtosFotos in [APP/views/lojas/sobre.ctp, line 7]
2010-01-25 14:20:55 Notice: Notice (8): Undefined variable: produtosFotos in [APP/views/lojas/sobre.ctp, line 7]
2010-01-25 14:21:11 Notice: Notice (8): Undefined variable: produtosFotos in [APP/views/lojas/sobre.ctp, line 7]
2010-01-25 14:22:52 Notice: Notice (8): Undefined variable: produtosFotos in [APP/views/lojas/sobre.ctp, line 7]
2010-01-25 14:23:34 Notice: Notice (8): Undefined variable: produtosFotos in [APP/views/lojas/sobre.ctp, line 7]
2010-01-25 14:23:59 Notice: Notice (8): Undefined variable: produtosFotos in [APP/views/lojas/sobre.ctp, line 7]
2010-01-25 14:33:19 Notice: Notice (8): Undefined variable: produtos in [APP/views/lojas/sobre.ctp, line 10]
2010-01-25 14:33:36 Notice: Notice (8): Undefined variable: produtos in [APP/views/lojas/sobre.ctp, line 10]
2010-01-25 14:33:41 Notice: Notice (8): Undefined variable: produtos in [APP/views/lojas/sobre.ctp, line 10]
2010-01-25 14:38:57 Notice: Notice (8): Undefined variable: produtos in [APP/views/lojas/sobre.ctp, line 10]
2010-01-25 14:39:18 Notice: Notice (8): Undefined variable: produtos in [APP/views/lojas/sobre.ctp, line 10]
2010-01-25 15:01:07 Notice: Notice (8): Undefined index:  Product in [APP/views/lojas/sobre.ctp, line 11]
2010-01-25 15:02:11 Notice: Notice (8): Undefined index:  Product in [APP/views/lojas/sobre.ctp, line 11]
2010-01-27 03:13:21 Notice: Notice (8): Undefined index:  Product in [APP/views/lojas/sobre.ctp, line 10]
2010-01-27 03:23:57 Notice: Notice (8): Undefined index:  Product in [APP/views/lojas/sobre.ctp, line 10]
2010-01-27 04:04:42 Notice: Notice (8): Undefined property: LojasController::$Imagem in [APP/controllers/lojas_controller.php, line 34]
2010-01-27 04:06:15 Notice: Notice (8): Undefined property: LojasController::$imagesProduct in [APP/controllers/lojas_controller.php, line 53]
2010-01-27 04:06:38 Notice: Notice (8): Undefined property: LojasController::$imagesProduct in [APP/controllers/lojas_controller.php, line 34]
2010-01-27 04:07:08 Notice: Notice (8): Undefined property: LojasController::$ImagesProduct in [APP/controllers/lojas_controller.php, line 34]
2010-01-27 04:07:36 Notice: Notice (8): Undefined property: LojasController::$ImagesProduct in [APP/controllers/lojas_controller.php, line 34]
2010-01-27 04:08:00 Notice: Notice (8): Undefined property: LojasController::$imagesProduct in [APP/controllers/lojas_controller.php, line 35]
2010-01-27 04:08:04 Notice: Notice (8): Undefined property: LojasController::$imagesProduct in [APP/controllers/lojas_controller.php, line 35]
2010-01-27 04:08:06 Notice: Notice (8): Undefined property: LojasController::$ImagesProduct in [APP/controllers/lojas_controller.php, line 34]
2010-01-27 04:11:26 Notice: Notice (8): Undefined property: LojasController::$ImagesProduct in [APP/controllers/lojas_controller.php, line 34]
2010-01-27 04:11:33 Notice: Notice (8): Undefined property: LojasController::$ImagesProduct in [APP/controllers/lojas_controller.php, line 34]
2010-01-27 04:11:48 Notice: Notice (8): Undefined property: AppModel::$ImagesProduct in [APP/controllers/lojas_controller.php, line 34]
2010-01-27 04:21:12 Notice: Notice (8): Undefined variable: produtosFotos1 in [APP/views/lojas/sobre.ctp, line 6]
2010-01-27 04:27:50 Notice: Notice (8): Undefined variable: produtosFotos1 in [APP/views/lojas/sobre.ctp, line 6]
