2009-12-12 15:21:11 Warning: Warning (2): Invalid argument supplied for foreach() in [APP/views/lojas/lojas_especificas.ctp, line 11]
2009-12-22 02:02:27 Warning: Warning (2): Invalid argument supplied for foreach() in [APP/views/pages/home.ctp, line 50]
2009-12-22 02:44:06 Warning: Warning (2): Invalid argument supplied for foreach() in [APP/views/pages/home.ctp, line 24]
2009-12-22 02:45:11 Warning: Warning (2): Invalid argument supplied for foreach() in [APP/views/pages/home.ctp, line 24]
2009-12-25 19:06:51 Warning: Warning (2): Invalid argument supplied for foreach() in [APP/views/pages/home.ctp, line 36]
2009-12-25 19:11:30 Warning: Warning (2): Invalid argument supplied for foreach() in [APP/views/pages/home.ctp, line 36]
2009-12-29 21:01:34 Warning: Warning (2): Invalid argument supplied for foreach() in [APP/views/pages/home.ctp, line 36]
2009-12-29 21:50:29 Warning: Warning (2): file_get_contents() [<a href='http://php.net/function.file-get-contents'>function.file-get-contents</a>]: php_network_getaddresses: getaddrinfo failed: Name or service not known in [APP/vendors/GoogleMapAPI.class.php, line 1343]
2009-12-29 21:50:29 Warning: Warning (2): file_get_contents(http://maps.google.com/maps/geo?&amp;q=Rua%20a%2C%2010%2C%20S%C3%A3o%20paulo%20-%20SP&amp;output=csv&amp;key=ABQIAAAAvCbGW5EV-rEJpZP96-o0NxQ1SJ3zY01f5orEIl-iQQteZ6BtLxQEPgACixUBYnGKDDbCXFOnFTJ1JQ) [<a href='http://php.net/function.file-get-contents'>function.file-get-contents</a>]: failed to open stream: php_network_getaddresses: getaddrinfo failed: Name or service not known in [APP/vendors/GoogleMapAPI.class.php, line 1343]
2009-12-29 21:51:26 Warning: Warning (2): file_get_contents() [<a href='http://php.net/function.file-get-contents'>function.file-get-contents</a>]: php_network_getaddresses: getaddrinfo failed: Name or service not known in [APP/vendors/GoogleMapAPI.class.php, line 1343]
2009-12-29 21:51:26 Warning: Warning (2): file_get_contents(http://maps.google.com/maps/geo?&amp;q=Rua%20a%2C%2010%2C%20S%C3%A3o%20paulo%20-%20SP&amp;output=csv&amp;key=ABQIAAAAvCbGW5EV-rEJpZP96-o0NxQ1SJ3zY01f5orEIl-iQQteZ6BtLxQEPgACixUBYnGKDDbCXFOnFTJ1JQ) [<a href='http://php.net/function.file-get-contents'>function.file-get-contents</a>]: failed to open stream: php_network_getaddresses: getaddrinfo failed: Name or service not known in [APP/vendors/GoogleMapAPI.class.php, line 1343]
2009-12-30 15:18:52 Warning: Warning (2): Invalid argument supplied for foreach() in [APP/views/pages/home.ctp, line 36]
2009-12-31 21:30:12 Warning: Warning (2): Invalid argument supplied for foreach() in [APP/views/pages/home.ctp, line 36]
2009-12-31 21:31:32 Warning: Warning (2): Invalid argument supplied for foreach() in [APP/views/pages/home.ctp, line 36]
2009-12-31 21:31:32 Warning: Warning (2): Invalid argument supplied for foreach() in [APP/views/pages/home.ctp, line 36]
2009-12-31 21:32:11 Warning: Warning (2): Invalid argument supplied for foreach() in [APP/views/pages/home.ctp, line 36]
2009-12-31 22:16:48 Warning: Warning (2): Invalid argument supplied for foreach() in [APP/views/pages/home.ctp, line 36]
2009-12-31 22:18:13 Warning: Warning (2): Invalid argument supplied for foreach() in [APP/views/pages/home.ctp, line 36]
2010-01-04 15:10:27 Warning: Warning (2): Invalid argument supplied for foreach() in [APP/views/pages/home.ctp, line 36]
2010-01-04 15:45:32 Warning: Warning (2): Invalid argument supplied for foreach() in [APP/views/elements/menuCardapio.ctp, line 4]
2010-01-04 15:45:36 Warning: Warning (2): Invalid argument supplied for foreach() in [APP/views/elements/menuCardapio.ctp, line 4]
2010-01-04 23:04:16 Warning: Warning (2): file_get_contents() [<a href='http://php.net/function.file-get-contents'>function.file-get-contents</a>]: php_network_getaddresses: getaddrinfo failed: Name or service not known in [APP/vendors/GoogleMapAPI.class.php, line 1343]
2010-01-04 23:04:16 Warning: Warning (2): file_get_contents(http://maps.google.com/maps/geo?&amp;q=Rua%20Am%C3%A9rico%20Vazone%2C%2027%2C%20Itapecerica%20da%20Serra%20-%20SP&amp;output=csv&amp;key=ABQIAAAAvCbGW5EV-rEJpZP96-o0NxQ1SJ3zY01f5orEIl-iQQteZ6BtLxQEPgACixUBYnGKDDbCXFOnFTJ1JQ) [<a href='http://php.net/function.file-get-contents'>function.file-get-contents</a>]: failed to open stream: php_network_getaddresses: getaddrinfo failed: Name or service not known in [APP/vendors/GoogleMapAPI.class.php, line 1343]
2010-01-05 16:43:23 Warning: Warning (2): Invalid argument supplied for foreach() in [APP/views/pages/home.ctp, line 36]
2010-01-06 14:44:33 Warning: Warning (2): Invalid argument supplied for foreach() in [APP/views/pages/home.ctp, line 36]
2010-01-07 13:48:20 Warning: Warning (2): Invalid argument supplied for foreach() in [APP/views/pages/home.ctp, line 36]
2010-01-07 14:00:27 Warning: Warning (2): Invalid argument supplied for foreach() in [APP/views/pages/home.ctp, line 36]
2010-01-07 21:36:32 Warning: Warning (2): Invalid argument supplied for foreach() in [APP/views/pages/home.ctp, line 38]
2010-01-08 12:07:47 Warning: Warning (2): Invalid argument supplied for foreach() in [APP/views/pages/home.ctp, line 38]
2010-01-09 15:13:21 Warning: Warning (2): Invalid argument supplied for foreach() in [APP/views/pages/home.ctp, line 38]
2010-01-09 15:14:41 Warning: Warning (2): Invalid argument supplied for foreach() in [APP/views/pages/home.ctp, line 38]
2010-01-09 15:27:20 Warning: Warning (2): Invalid argument supplied for foreach() in [APP/views/pages/home.ctp, line 56]
2010-01-09 15:30:18 Warning: Warning (2): Invalid argument supplied for foreach() in [APP/views/pages/home.ctp, line 56]
2010-01-09 15:45:54 Warning: Warning (2): Invalid argument supplied for foreach() in [APP/views/pages/home.ctp, line 57]
2010-01-09 15:50:44 Warning: Warning (2): Invalid argument supplied for foreach() in [APP/views/pages/home.ctp, line 56]
2010-01-09 15:51:39 Warning: Warning (2): Invalid argument supplied for foreach() in [APP/views/pages/home.ctp, line 56]
2010-01-09 15:52:59 Warning: Warning (2): Invalid argument supplied for foreach() in [APP/views/pages/home.ctp, line 56]
2010-01-09 15:53:13 Warning: Warning (2): Invalid argument supplied for foreach() in [APP/views/pages/home.ctp, line 56]
2010-01-09 15:54:34 Warning: Warning (2): Invalid argument supplied for foreach() in [APP/views/pages/home.ctp, line 56]
2010-01-09 16:05:31 Warning: Warning (2): Invalid argument supplied for foreach() in [APP/views/pages/home.ctp, line 56]
2010-01-10 01:38:18 Warning: Warning (512): <span style = "color:Red;text-align:left"><b>SQL Error:</b> 1054: Unknown column 'Model.field' in 'where clause'</span> in [CORE/cake/libs/model/datasources/dbo_source.php, line 525]
2010-01-10 01:38:21 Warning: Warning (2): Invalid argument supplied for foreach() in [APP/views/pages/home.ctp, line 4]
2010-01-15 20:03:10 Warning: Warning (2): file_get_contents() [<a href='http://php.net/function.file-get-contents'>function.file-get-contents</a>]: php_network_getaddresses: getaddrinfo failed: Name or service not known in [APP/vendors/GoogleMapAPI.class.php, line 1343]
2010-01-15 20:03:10 Warning: Warning (2): file_get_contents(http://maps.google.com/maps/geo?&amp;q=Rua%20Am%C3%A9rico%20Vazone%2C%2027%2C%20Itapecerica%20da%20Serra%20-%20SP&amp;output=csv&amp;key=ABQIAAAAvCbGW5EV-rEJpZP96-o0NxQ1SJ3zY01f5orEIl-iQQteZ6BtLxQEPgACixUBYnGKDDbCXFOnFTJ1JQ) [<a href='http://php.net/function.file-get-contents'>function.file-get-contents</a>]: failed to open stream: php_network_getaddresses: getaddrinfo failed: Name or service not known in [APP/vendors/GoogleMapAPI.class.php, line 1343]
2010-01-16 21:14:51 Warning: Warning (2): file_get_contents() [<a href='http://php.net/function.file-get-contents'>function.file-get-contents</a>]: php_network_getaddresses: getaddrinfo failed: Name or service not known in [APP/vendors/GoogleMapAPI.class.php, line 1343]
2010-01-16 21:14:51 Warning: Warning (2): file_get_contents(http://maps.google.com/maps/geo?&amp;q=Rua%20Am%C3%A9rico%20Vazone%2C%2027%2C%20Itapecerica%20da%20Serra%20-%20SP&amp;output=csv&amp;key=ABQIAAAAvCbGW5EV-rEJpZP96-o0NxQ1SJ3zY01f5orEIl-iQQteZ6BtLxQEPgACixUBYnGKDDbCXFOnFTJ1JQ) [<a href='http://php.net/function.file-get-contents'>function.file-get-contents</a>]: failed to open stream: php_network_getaddresses: getaddrinfo failed: Name or service not known in [APP/vendors/GoogleMapAPI.class.php, line 1343]
2010-01-22 18:28:56 Warning: Warning (512): <span style = "color:Red;text-align:left"><b>SQL Error:</b> 1064: You have an error in your SQL syntax; check the manual that corresponds to your MySQL server version for the right syntax to use near 'images` AS `Image`   WHERE `Image`.`id` NOT IN (SELECT `franchises_images`.`imag' at line 1</span> in [CORE/cake/libs/model/datasources/dbo_source.php, line 525]
2010-01-22 18:35:27 Warning: Warning (2): Invalid argument supplied for foreach() in [APP/views/lojas/lojas_especificas.ctp, line 11]
2010-01-22 18:35:59 Warning: Warning (2): Invalid argument supplied for foreach() in [APP/views/lojas/lojas_especificas.ctp, line 11]
2010-01-22 18:36:36 Warning: Warning (512): <span style = "color:Red;text-align:left"><b>SQL Error:</b> 1054: Unknown column 'Franchise.sp' in 'field list'</span> in [CORE/cake/libs/model/datasources/dbo_source.php, line 525]
2010-01-22 18:36:36 Warning: Warning (2): Invalid argument supplied for foreach() in [APP/views/lojas/lojas_especificas.ctp, line 11]
2010-01-24 04:41:42 Warning: Warning (512): <span style = "color:Red;text-align:left"><b>SQL Error:</b> 1054: Unknown column 'toca' in 'where clause'</span> in [CORE/cake/libs/model/datasources/dbo_source.php, line 525]
2010-01-24 04:41:43 Warning: Warning (2): Invalid argument supplied for foreach() in [APP/views/lojas/sobre.ctp, line 46]
2010-01-24 15:51:56 Warning: Warning (2): file_get_contents() [<a href='http://php.net/function.file-get-contents'>function.file-get-contents</a>]: php_network_getaddresses: getaddrinfo failed: Name or service not known in [APP/vendors/GoogleMapAPI.class.php, line 1343]
2010-01-24 15:51:56 Warning: Warning (2): file_get_contents(http://maps.google.com/maps/geo?&amp;q=Rua%20Am%C3%A9rico%20Vazone%2C%2027%2C%20Itapecerica%20da%20Serra%20-%20SP&amp;output=csv&amp;key=ABQIAAAAvCbGW5EV-rEJpZP96-o0NxQ1SJ3zY01f5orEIl-iQQteZ6BtLxQEPgACixUBYnGKDDbCXFOnFTJ1JQ) [<a href='http://php.net/function.file-get-contents'>function.file-get-contents</a>]: failed to open stream: php_network_getaddresses: getaddrinfo failed: Name or service not known in [APP/vendors/GoogleMapAPI.class.php, line 1343]
2010-01-24 20:42:21 Warning: Warning (2): Invalid argument supplied for foreach() in [APP/views/quem_somos/index.ctp, line 17]
2010-01-24 20:54:50 Warning: Warning (512): <span style = "color:Red;text-align:left"><b>SQL Error:</b> 1064: You have an error in your SQL syntax; check the manual that corresponds to your MySQL server version for the right syntax to use near 'findAllLocate' at line 1</span> in [CORE/cake/libs/model/datasources/dbo_source.php, line 525]
2010-01-24 20:54:50 Warning: Warning (2): Invalid argument supplied for foreach() in [APP/views/quem_somos/index.ctp, line 18]
2010-01-24 20:55:01 Warning: Warning (512): <span style = "color:Red;text-align:left"><b>SQL Error:</b> 1064: You have an error in your SQL syntax; check the manual that corresponds to your MySQL server version for the right syntax to use near 'findAllLocate' at line 1</span> in [CORE/cake/libs/model/datasources/dbo_source.php, line 525]
2010-01-24 20:55:01 Warning: Warning (2): Invalid argument supplied for foreach() in [APP/views/quem_somos/index.ctp, line 18]
2010-01-24 20:55:04 Warning: Warning (512): <span style = "color:Red;text-align:left"><b>SQL Error:</b> 1064: You have an error in your SQL syntax; check the manual that corresponds to your MySQL server version for the right syntax to use near 'findAllLocate' at line 1</span> in [CORE/cake/libs/model/datasources/dbo_source.php, line 525]
2010-01-24 20:55:04 Warning: Warning (2): Invalid argument supplied for foreach() in [APP/views/quem_somos/index.ctp, line 18]
2010-01-24 20:56:29 Warning: Warning (512): <span style = "color:Red;text-align:left"><b>SQL Error:</b> 1064: You have an error in your SQL syntax; check the manual that corresponds to your MySQL server version for the right syntax to use near 'findAllLocate' at line 1</span> in [CORE/cake/libs/model/datasources/dbo_source.php, line 525]
2010-01-24 20:56:29 Warning: Warning (2): Invalid argument supplied for foreach() in [APP/views/quem_somos/index.ctp, line 18]
2010-01-24 21:00:14 Warning: Warning (512): <span style = "color:Red;text-align:left"><b>SQL Error:</b> 1064: You have an error in your SQL syntax; check the manual that corresponds to your MySQL server version for the right syntax to use near 'findAllLocate' at line 1</span> in [CORE/cake/libs/model/datasources/dbo_source.php, line 525]
2010-01-24 21:00:14 Warning: Warning (2): Invalid argument supplied for foreach() in [APP/views/quem_somos/index.ctp, line 18]
2010-01-25 08:39:29 Warning: Warning (512): <span style = "color:Red;text-align:left"><b>SQL Error:</b> 1054: Unknown column 'Product.nome' in 'field list'</span> in [CORE/cake/libs/model/datasources/dbo_source.php, line 525]
2010-01-25 08:39:29 Warning: Warning (2): Invalid argument supplied for foreach() in [APP/views/cardapio/produtos.ctp, line 9]
2010-01-25 08:39:51 Warning: Warning (512): <span style = "color:Red;text-align:left"><b>SQL Error:</b> 1054: Unknown column 'Product.nome' in 'field list'</span> in [CORE/cake/libs/model/datasources/dbo_source.php, line 525]
2010-01-25 08:39:51 Warning: Warning (2): Invalid argument supplied for foreach() in [APP/views/cardapio/produtos.ctp, line 9]
2010-01-25 08:41:00 Warning: Warning (512): <span style = "color:Red;text-align:left"><b>SQL Error:</b> 1054: Unknown column 'Product.nome' in 'field list'</span> in [CORE/cake/libs/model/datasources/dbo_source.php, line 525]
2010-01-25 08:41:00 Warning: Warning (2): Invalid argument supplied for foreach() in [APP/views/cardapio/produtos.ctp, line 9]
2010-01-25 08:44:58 Warning: Warning (512): <span style = "color:Red;text-align:left"><b>SQL Error:</b> 1054: Unknown column 'Product.id' in 'where clause'</span> in [CORE/cake/libs/model/datasources/dbo_source.php, line 525]
2010-01-25 08:45:23 Warning: Warning (512): <span style = "color:Red;text-align:left"><b>SQL Error:</b> 1054: Unknown column 'Product.id' in 'where clause'</span> in [CORE/cake/libs/model/datasources/dbo_source.php, line 525]
2010-01-25 08:45:32 Warning: Warning (512): <span style = "color:Red;text-align:left"><b>SQL Error:</b> 1054: Unknown column 'Product.id' in 'where clause'</span> in [CORE/cake/libs/model/datasources/dbo_source.php, line 525]
2010-01-25 08:45:56 Warning: Warning (512): <span style = "color:Red;text-align:left"><b>SQL Error:</b> 1054: Unknown column 'Product.id' in 'where clause'</span> in [CORE/cake/libs/model/datasources/dbo_source.php, line 525]
2010-01-25 08:46:07 Warning: Warning (512): <span style = "color:Red;text-align:left"><b>SQL Error:</b> 1054: Unknown column 'Product.id' in 'where clause'</span> in [CORE/cake/libs/model/datasources/dbo_source.php, line 525]
2010-01-25 08:46:09 Warning: Warning (512): <span style = "color:Red;text-align:left"><b>SQL Error:</b> 1054: Unknown column 'Product.id' in 'where clause'</span> in [CORE/cake/libs/model/datasources/dbo_source.php, line 525]
2010-01-25 08:46:09 Warning: Warning (2): Invalid argument supplied for foreach() in [APP/views/cardapio/produtos.ctp, line 7]
2010-01-25 08:46:12 Warning: Warning (512): <span style = "color:Red;text-align:left"><b>SQL Error:</b> 1054: Unknown column 'Product.id' in 'where clause'</span> in [CORE/cake/libs/model/datasources/dbo_source.php, line 525]
2010-01-25 08:46:13 Warning: Warning (512): <span style = "color:Red;text-align:left"><b>SQL Error:</b> 1054: Unknown column 'Product.id' in 'where clause'</span> in [CORE/cake/libs/model/datasources/dbo_source.php, line 525]
2010-01-25 08:46:15 Warning: Warning (512): <span style = "color:Red;text-align:left"><b>SQL Error:</b> 1054: Unknown column 'Product.id' in 'where clause'</span> in [CORE/cake/libs/model/datasources/dbo_source.php, line 525]
2010-01-25 08:46:15 Warning: Warning (2): Invalid argument supplied for foreach() in [APP/views/cardapio/produtos.ctp, line 7]
2010-01-25 08:46:16 Warning: Warning (512): <span style = "color:Red;text-align:left"><b>SQL Error:</b> 1054: Unknown column 'Product.id' in 'where clause'</span> in [CORE/cake/libs/model/datasources/dbo_source.php, line 525]
2010-01-25 08:46:16 Warning: Warning (2): Invalid argument supplied for foreach() in [APP/views/cardapio/produtos.ctp, line 7]
2010-01-25 08:46:16 Warning: Warning (512): <span style = "color:Red;text-align:left"><b>SQL Error:</b> 1054: Unknown column 'Product.id' in 'where clause'</span> in [CORE/cake/libs/model/datasources/dbo_source.php, line 525]
2010-01-25 08:46:16 Warning: Warning (2): Invalid argument supplied for foreach() in [APP/views/cardapio/produtos.ctp, line 7]
2010-01-25 08:46:26 Warning: Warning (512): <span style = "color:Red;text-align:left"><b>SQL Error:</b> 1054: Unknown column 'Product.id' in 'where clause'</span> in [CORE/cake/libs/model/datasources/dbo_source.php, line 525]
2010-01-25 08:46:27 Warning: Warning (512): <span style = "color:Red;text-align:left"><b>SQL Error:</b> 1054: Unknown column 'Product.id' in 'where clause'</span> in [CORE/cake/libs/model/datasources/dbo_source.php, line 525]
2010-01-25 08:46:29 Warning: Warning (512): <span style = "color:Red;text-align:left"><b>SQL Error:</b> 1054: Unknown column 'Product.id' in 'where clause'</span> in [CORE/cake/libs/model/datasources/dbo_source.php, line 525]
2010-01-25 08:46:30 Warning: Warning (512): <span style = "color:Red;text-align:left"><b>SQL Error:</b> 1054: Unknown column 'Product.id' in 'where clause'</span> in [CORE/cake/libs/model/datasources/dbo_source.php, line 525]
2010-01-25 08:46:34 Warning: Warning (512): <span style = "color:Red;text-align:left"><b>SQL Error:</b> 1054: Unknown column 'Product.id' in 'where clause'</span> in [CORE/cake/libs/model/datasources/dbo_source.php, line 525]
2010-01-25 08:46:45 Warning: Warning (512): <span style = "color:Red;text-align:left"><b>SQL Error:</b> 1054: Unknown column 'Product.id' in 'where clause'</span> in [CORE/cake/libs/model/datasources/dbo_source.php, line 525]
2010-01-25 08:46:47 Warning: Warning (512): <span style = "color:Red;text-align:left"><b>SQL Error:</b> 1054: Unknown column 'Product.id' in 'where clause'</span> in [CORE/cake/libs/model/datasources/dbo_source.php, line 525]
2010-01-25 08:46:48 Warning: Warning (512): <span style = "color:Red;text-align:left"><b>SQL Error:</b> 1054: Unknown column 'Product.id' in 'where clause'</span> in [CORE/cake/libs/model/datasources/dbo_source.php, line 525]
2010-01-25 08:46:49 Warning: Warning (512): <span style = "color:Red;text-align:left"><b>SQL Error:</b> 1054: Unknown column 'Product.id' in 'where clause'</span> in [CORE/cake/libs/model/datasources/dbo_source.php, line 525]
2010-01-25 08:46:50 Warning: Warning (512): <span style = "color:Red;text-align:left"><b>SQL Error:</b> 1054: Unknown column 'Product.id' in 'where clause'</span> in [CORE/cake/libs/model/datasources/dbo_source.php, line 525]
2010-01-25 08:46:51 Warning: Warning (512): <span style = "color:Red;text-align:left"><b>SQL Error:</b> 1054: Unknown column 'Product.id' in 'where clause'</span> in [CORE/cake/libs/model/datasources/dbo_source.php, line 525]
2010-01-25 08:46:51 Warning: Warning (512): <span style = "color:Red;text-align:left"><b>SQL Error:</b> 1054: Unknown column 'Product.id' in 'where clause'</span> in [CORE/cake/libs/model/datasources/dbo_source.php, line 525]
2010-01-25 08:46:52 Warning: Warning (512): <span style = "color:Red;text-align:left"><b>SQL Error:</b> 1054: Unknown column 'Product.id' in 'where clause'</span> in [CORE/cake/libs/model/datasources/dbo_source.php, line 525]
2010-01-25 08:47:46 Warning: Warning (512): <span style = "color:Red;text-align:left"><b>SQL Error:</b> 1054: Unknown column 'Product.id' in 'where clause'</span> in [CORE/cake/libs/model/datasources/dbo_source.php, line 525]
2010-01-25 08:47:59 Warning: Warning (512): <span style = "color:Red;text-align:left"><b>SQL Error:</b> 1054: Unknown column 'Product.id' in 'where clause'</span> in [CORE/cake/libs/model/datasources/dbo_source.php, line 525]
2010-01-25 08:48:02 Warning: Warning (512): <span style = "color:Red;text-align:left"><b>SQL Error:</b> 1054: Unknown column 'Product.id' in 'where clause'</span> in [CORE/cake/libs/model/datasources/dbo_source.php, line 525]
2010-01-25 08:48:04 Warning: Warning (512): <span style = "color:Red;text-align:left"><b>SQL Error:</b> 1054: Unknown column 'Product.id' in 'where clause'</span> in [CORE/cake/libs/model/datasources/dbo_source.php, line 525]
2010-01-25 08:51:52 Warning: Warning (512): <span style = "color:Red;text-align:left"><b>SQL Error:</b> 1054: Unknown column 'Product.product_id' in 'on clause'</span> in [CORE/cake/libs/model/datasources/dbo_source.php, line 525]
2010-01-25 08:51:52 Warning: Warning (512): <span style = "color:Red;text-align:left"><b>SQL Error:</b> 1054: Unknown column 'Product.id' in 'where clause'</span> in [CORE/cake/libs/model/datasources/dbo_source.php, line 525]
2010-01-25 08:51:52 Warning: Warning (2): Invalid argument supplied for foreach() in [APP/views/cardapio/produtos.ctp, line 7]
2010-01-25 08:54:51 Warning: Warning (512): <span style = "color:Red;text-align:left"><b>SQL Error:</b> 1054: Unknown column 'Product.product_id' in 'on clause'</span> in [CORE/cake/libs/model/datasources/dbo_source.php, line 525]
2010-01-25 08:54:51 Warning: Warning (512): <span style = "color:Red;text-align:left"><b>SQL Error:</b> 1054: Unknown column 'Product.id' in 'where clause'</span> in [CORE/cake/libs/model/datasources/dbo_source.php, line 525]
2010-01-25 08:57:08 Warning: Warning (512): <span style = "color:Red;text-align:left"><b>SQL Error:</b> 1054: Unknown column 'Product.product_id' in 'on clause'</span> in [CORE/cake/libs/model/datasources/dbo_source.php, line 525]
2010-01-25 08:57:08 Warning: Warning (512): <span style = "color:Red;text-align:left"><b>SQL Error:</b> 1054: Unknown column 'Product.id' in 'where clause'</span> in [CORE/cake/libs/model/datasources/dbo_source.php, line 525]
2010-01-25 08:58:46 Warning: Warning (512): <span style = "color:Red;text-align:left"><b>SQL Error:</b> 1054: Unknown column 'Product.product_id' in 'on clause'</span> in [CORE/cake/libs/model/datasources/dbo_source.php, line 525]
2010-01-25 08:58:46 Warning: Warning (512): <span style = "color:Red;text-align:left"><b>SQL Error:</b> 1054: Unknown column 'Product.id' in 'where clause'</span> in [CORE/cake/libs/model/datasources/dbo_source.php, line 525]
2010-01-25 08:58:53 Warning: Warning (512): <span style = "color:Red;text-align:left"><b>SQL Error:</b> 1054: Unknown column 'Product.images_product_id' in 'on clause'</span> in [CORE/cake/libs/model/datasources/dbo_source.php, line 525]
2010-01-25 08:58:53 Warning: Warning (512): <span style = "color:Red;text-align:left"><b>SQL Error:</b> 1054: Unknown column 'Product.id' in 'where clause'</span> in [CORE/cake/libs/model/datasources/dbo_source.php, line 525]
2010-01-25 09:01:43 Warning: Warning (512): <span style = "color:Red;text-align:left"><b>SQL Error:</b> 1054: Unknown column 'ImagesProduct.id' in 'on clause'</span> in [CORE/cake/libs/model/datasources/dbo_source.php, line 525]
2010-01-25 09:01:43 Warning: Warning (512): <span style = "color:Red;text-align:left"><b>SQL Error:</b> 1054: Unknown column 'Product.id' in 'where clause'</span> in [CORE/cake/libs/model/datasources/dbo_source.php, line 525]
2010-01-25 09:02:29 Warning: Warning (512): <span style = "color:Red;text-align:left"><b>SQL Error:</b> 1054: Unknown column 'Product.id' in 'where clause'</span> in [CORE/cake/libs/model/datasources/dbo_source.php, line 525]
2010-01-25 09:08:14 Warning: Warning (512): <span style = "color:Red;text-align:left"><b>SQL Error:</b> 1054: Unknown column 'Product.Image' in 'field list'</span> in [CORE/cake/libs/model/datasources/dbo_source.php, line 525]
2010-01-25 09:08:14 Warning: Warning (2): Invalid argument supplied for foreach() in [APP/views/cardapio/produtos.ctp, line 7]
2010-01-25 09:08:27 Warning: Warning (512): <span style = "color:Red;text-align:left"><b>SQL Error:</b> 1051: Unknown table 'Image'</span> in [CORE/cake/libs/model/datasources/dbo_source.php, line 525]
2010-01-25 09:08:27 Warning: Warning (2): Invalid argument supplied for foreach() in [APP/views/cardapio/produtos.ctp, line 7]
2010-01-25 09:08:36 Warning: Warning (512): <span style = "color:Red;text-align:left"><b>SQL Error:</b> 1051: Unknown table 'Image'</span> in [CORE/cake/libs/model/datasources/dbo_source.php, line 525]
2010-01-25 09:08:36 Warning: Warning (2): Invalid argument supplied for foreach() in [APP/views/cardapio/produtos.ctp, line 7]
2010-01-25 09:09:53 Warning: Warning (512): <span style = "color:Red;text-align:left"><b>SQL Error:</b> 1054: Unknown column 'Image.filename' in 'field list'</span> in [CORE/cake/libs/model/datasources/dbo_source.php, line 525]
2010-01-25 09:09:53 Warning: Warning (2): Invalid argument supplied for foreach() in [APP/views/cardapio/produtos.ctp, line 7]
2010-01-25 09:12:06 Warning: Warning (512): <span style = "color:Red;text-align:left"><b>SQL Error:</b> 1054: Unknown column 'Image.filename' in 'field list'</span> in [CORE/cake/libs/model/datasources/dbo_source.php, line 525]
2010-01-25 09:12:06 Warning: Warning (2): Invalid argument supplied for foreach() in [APP/views/cardapio/produtos.ctp, line 7]
2010-01-25 09:13:17 Warning: Warning (512): <span style = "color:Red;text-align:left"><b>SQL Error:</b> 1054: Unknown column 'Image.filename' in 'field list'</span> in [CORE/cake/libs/model/datasources/dbo_source.php, line 525]
2010-01-25 09:13:17 Warning: Warning (2): Invalid argument supplied for foreach() in [APP/views/cardapio/produtos.ctp, line 7]
2010-01-25 09:57:56 Warning: Warning (512): <span style = "color:Red;text-align:left"><b>SQL Error:</b> 1054: Unknown column 'Franchise.filename' in 'field list'</span> in [CORE/cake/libs/model/datasources/dbo_source.php, line 525]
2010-01-25 10:13:31 Warning: Warning (2): file_get_contents() [<a href='http://php.net/function.file-get-contents'>function.file-get-contents</a>]: php_network_getaddresses: getaddrinfo failed: Name or service not known in [APP/vendors/GoogleMapAPI.class.php, line 1343]
2010-01-25 10:13:31 Warning: Warning (2): file_get_contents(http://maps.google.com/maps/geo?&amp;q=Rua%20Am%C3%A9rico%20Vazone%2C%2027%2C%20Itapecerica%20da%20Serra%20-%20SP&amp;output=csv&amp;key=ABQIAAAAvCbGW5EV-rEJpZP96-o0NxQ1SJ3zY01f5orEIl-iQQteZ6BtLxQEPgACixUBYnGKDDbCXFOnFTJ1JQ) [<a href='http://php.net/function.file-get-contents'>function.file-get-contents</a>]: failed to open stream: php_network_getaddresses: getaddrinfo failed: Name or service not known in [APP/vendors/GoogleMapAPI.class.php, line 1343]
2010-01-25 10:13:33 Warning: Warning (2): file_get_contents() [<a href='http://php.net/function.file-get-contents'>function.file-get-contents</a>]: php_network_getaddresses: getaddrinfo failed: Name or service not known in [APP/vendors/GoogleMapAPI.class.php, line 1343]
2010-01-25 10:13:33 Warning: Warning (2): file_get_contents(http://maps.google.com/maps/geo?&amp;q=Rua%20Am%C3%A9rico%20Vazone%2C%2027%2C%20Itapecerica%20da%20Serra%20-%20SP&amp;output=csv&amp;key=ABQIAAAAvCbGW5EV-rEJpZP96-o0NxQ1SJ3zY01f5orEIl-iQQteZ6BtLxQEPgACixUBYnGKDDbCXFOnFTJ1JQ) [<a href='http://php.net/function.file-get-contents'>function.file-get-contents</a>]: failed to open stream: php_network_getaddresses: getaddrinfo failed: Name or service not known in [APP/vendors/GoogleMapAPI.class.php, line 1343]
2010-01-25 10:24:40 Warning: Warning (2): file_get_contents() [<a href='http://php.net/function.file-get-contents'>function.file-get-contents</a>]: php_network_getaddresses: getaddrinfo failed: Name or service not known in [APP/vendors/GoogleMapAPI.class.php, line 1343]
2010-01-25 10:24:40 Warning: Warning (2): file_get_contents(http://maps.google.com/maps/geo?&amp;q=Rua%20Am%C3%A9rico%20Vazone%2C%2027%2C%20Itapecerica%20da%20Serra%20-%20SP&amp;output=csv&amp;key=ABQIAAAAvCbGW5EV-rEJpZP96-o0NxQ1SJ3zY01f5orEIl-iQQteZ6BtLxQEPgACixUBYnGKDDbCXFOnFTJ1JQ) [<a href='http://php.net/function.file-get-contents'>function.file-get-contents</a>]: failed to open stream: php_network_getaddresses: getaddrinfo failed: Name or service not known in [APP/vendors/GoogleMapAPI.class.php, line 1343]
2010-01-25 14:31:32 Warning: Warning (512): <span style = "color:Red;text-align:left"><b>SQL Error:</b> 1064: You have an error in your SQL syntax; check the manual that corresponds to your MySQL server version for the right syntax to use near '' at line 1</span> in [CORE/cake/libs/model/datasources/dbo_source.php, line 525]
2010-01-25 14:33:19 Warning: Warning (2): Invalid argument supplied for foreach() in [APP/views/lojas/sobre.ctp, line 10]
2010-01-25 14:33:36 Warning: Warning (2): Invalid argument supplied for foreach() in [APP/views/lojas/sobre.ctp, line 10]
2010-01-25 14:33:41 Warning: Warning (2): Invalid argument supplied for foreach() in [APP/views/lojas/sobre.ctp, line 10]
2010-01-25 14:38:57 Warning: Warning (512): <span style = "color:Red;text-align:left"><b>SQL Error:</b> 1054: Unknown column 'Product.id' in 'field list'</span> in [CORE/cake/libs/model/datasources/dbo_source.php, line 525]
2010-01-25 14:38:57 Warning: Warning (2): Invalid argument supplied for foreach() in [APP/views/lojas/sobre.ctp, line 10]
2010-01-25 14:39:18 Warning: Warning (2): Invalid argument supplied for foreach() in [APP/views/lojas/sobre.ctp, line 10]
2010-01-25 14:40:03 Warning: Warning (2): Invalid argument supplied for foreach() in [APP/views/lojas/sobre.ctp, line 10]
2010-01-25 14:40:34 Warning: Warning (2): Invalid argument supplied for foreach() in [APP/views/lojas/sobre.ctp, line 10]
2010-01-27 03:38:56 Warning: Warning (512): <span style = "color:Red;text-align:left"><b>SQL Error:</b> 1054: Unknown column 'images_products.product_id' in 'on clause'</span> in [CORE/cake/libs/model/datasources/dbo_source.php, line 525]
2010-01-27 03:38:56 Warning: Warning (2): Invalid argument supplied for foreach() in [APP/views/lojas/sobre.ctp, line 8]
2010-01-27 04:03:18 Warning: Warning (512): <span style = "color:Red;text-align:left"><b>SQL Error:</b> 1064: You have an error in your SQL syntax; check the manual that corresponds to your MySQL server version for the right syntax to use near ')  WHERE `Image`.`id` IN ( 
						SELECT  `images_products`.`image_id` FROM imag' at line 1</span> in [CORE/cake/libs/model/datasources/dbo_source.php, line 525]
2010-01-27 04:03:18 Warning: Warning (2): Invalid argument supplied for foreach() in [APP/views/lojas/sobre.ctp, line 8]
2010-01-27 04:03:59 Warning: Warning (512): <span style = "color:Red;text-align:left"><b>SQL Error:</b> 1064: You have an error in your SQL syntax; check the manual that corresponds to your MySQL server version for the right syntax to use near ')  WHERE `Image`.`id` IN ( 
						SELECT  `images_products`.`image_id` FROM imag' at line 1</span> in [CORE/cake/libs/model/datasources/dbo_source.php, line 525]
2010-01-27 04:03:59 Warning: Warning (2): Invalid argument supplied for foreach() in [APP/views/lojas/sobre.ctp, line 8]
2010-01-27 04:04:13 Warning: Warning (512): <span style = "color:Red;text-align:left"><b>SQL Error:</b> 1064: You have an error in your SQL syntax; check the manual that corresponds to your MySQL server version for the right syntax to use near ')  WHERE `Image`.`id` IN ( 
						SELECT  `images_products`.`image_id` FROM imag' at line 1</span> in [CORE/cake/libs/model/datasources/dbo_source.php, line 525]
2010-01-27 04:04:13 Warning: Warning (2): Invalid argument supplied for foreach() in [APP/views/lojas/sobre.ctp, line 9]
2010-01-27 04:04:49 Warning: Warning (512): <span style = "color:Red;text-align:left"><b>SQL Error:</b> 1054: Unknown column 'Image.product_id' in 'on clause'</span> in [CORE/cake/libs/model/datasources/dbo_source.php, line 525]
2010-01-27 04:04:49 Warning: Warning (512): <span style = "color:Red;text-align:left"><b>SQL Error:</b> 1064: You have an error in your SQL syntax; check the manual that corresponds to your MySQL server version for the right syntax to use near ')  WHERE `Image`.`id` IN ( 
						SELECT  `images_products`.`image_id` FROM imag' at line 1</span> in [CORE/cake/libs/model/datasources/dbo_source.php, line 525]
2010-01-27 04:04:49 Warning: Warning (2): Invalid argument supplied for foreach() in [APP/views/lojas/sobre.ctp, line 9]
2010-01-27 04:12:10 Warning: Warning (512): <span style = "color:Red;text-align:left"><b>SQL Error:</b> 1064: You have an error in your SQL syntax; check the manual that corresponds to your MySQL server version for the right syntax to use near ')  WHERE `Image`.`id` IN ( 
						SELECT  `images_products`.`image_id` FROM imag' at line 1</span> in [CORE/cake/libs/model/datasources/dbo_source.php, line 525]
2010-01-27 04:12:10 Warning: Warning (2): Invalid argument supplied for foreach() in [APP/views/lojas/sobre.ctp, line 9]
2010-01-27 04:12:30 Warning: Warning (512): <span style = "color:Red;text-align:left"><b>SQL Error:</b> 1066: Not unique table/alias: 'Product'</span> in [CORE/cake/libs/model/datasources/dbo_source.php, line 525]
2010-01-27 04:12:30 Warning: Warning (512): <span style = "color:Red;text-align:left"><b>SQL Error:</b> 1064: You have an error in your SQL syntax; check the manual that corresponds to your MySQL server version for the right syntax to use near ')  WHERE `Image`.`id` IN ( 
						SELECT  `images_products`.`image_id` FROM imag' at line 1</span> in [CORE/cake/libs/model/datasources/dbo_source.php, line 525]
2010-01-27 04:12:30 Warning: Warning (2): Invalid argument supplied for foreach() in [APP/views/lojas/sobre.ctp, line 9]
2010-01-27 04:12:53 Warning: Warning (512): <span style = "color:Red;text-align:left"><b>SQL Error:</b> 1064: You have an error in your SQL syntax; check the manual that corresponds to your MySQL server version for the right syntax to use near ')  WHERE `Image`.`id` IN ( 
						SELECT  `images_products`.`image_id` FROM imag' at line 1</span> in [CORE/cake/libs/model/datasources/dbo_source.php, line 525]
2010-01-27 04:12:53 Warning: Warning (2): Invalid argument supplied for foreach() in [APP/views/lojas/sobre.ctp, line 9]
2010-01-27 04:16:11 Warning: Warning (512): <span style = "color:Red;text-align:left"><b>SQL Error:</b> 1054: Unknown column 'Franchise.name' in 'field list'</span> in [CORE/cake/libs/model/datasources/dbo_source.php, line 525]
2010-01-27 04:16:11 Warning: Warning (2): Invalid argument supplied for foreach() in [APP/views/lojas/sobre.ctp, line 9]
2010-01-27 04:16:26 Warning: Warning (512): <span style = "color:Red;text-align:left"><b>SQL Error:</b> 1054: Unknown column 'images_products.product_id' in 'on clause'</span> in [CORE/cake/libs/model/datasources/dbo_source.php, line 525]
2010-01-27 04:16:26 Warning: Warning (2): Invalid argument supplied for foreach() in [APP/views/lojas/sobre.ctp, line 9]
2010-01-27 04:21:12 Warning: Warning (512): <span style = "color:Red;text-align:left"><b>SQL Error:</b> 1064: You have an error in your SQL syntax; check the manual that corresponds to your MySQL server version for the right syntax to use near '`images_products`.`product_id`)  WHERE `Image`.`id` IN ( 
						SELECT  `images_' at line 1</span> in [CORE/cake/libs/model/datasources/dbo_source.php, line 525]
2010-01-27 04:21:12 Warning: Warning (2): Invalid argument supplied for foreach() in [APP/views/lojas/sobre.ctp, line 9]
2010-01-27 04:49:10 Warning: Warning (512): <span style = "color:Red;text-align:left"><b>SQL Error:</b> 1235: This version of MySQL doesn't yet support 'LIMIT & IN/ALL/ANY/SOME subquery'</span> in [CORE/cake/libs/model/datasources/dbo_source.php, line 525]
2010-01-27 04:49:10 Warning: Warning (2): Invalid argument supplied for foreach() in [APP/views/lojas/sobre.ctp, line 9]
